<?xml version="1.0" encoding="UTF-8"?>
<testsuite xmlns:xsi="http://www.w3.org/2001/XMLSchema-instance" xsi:noNamespaceSchemaLocation="https://maven.apache.org/surefire/maven-surefire-plugin/xsd/surefire-test-report.xsd" version="3.0.2" name="autotests.LoginNegativeTest" time="3.58" tests="2" errors="0" skipped="0" failures="0">
  <properties>
[...]
</properties>
  <testcase name="loginLockedOutUserTest" classname="autotests.LoginNegativeTest" time="2.126"/>
  <testcase name="errorTextAuthWithoutUsernameAndPasswordTest" classname="autotests.LoginNegativeTest" time="1.231"/>
</testsuite>